<?xml version="1.0" encoding="utf-8"?><testsuites name="pytest tests"><testsuite name="pytest" errors="0" failures="0" skipped="0" tests="22" time="3.185" timestamp="2026-09-20T16:55:14.253358+00:00" hostname="agent-env-8b29d924-69d7-49bf-a2a7-ef935333f840"><testcase classname="tests.test_x_rewards.TestCustomTasks" name="test_create_task" time="0.399" /><testcase classname="tests.test_x_rewards.TestAdminUsers" name="test_users_requires_admin" time="0.400" /><testcase classname="tests.test_x_rewards.TestCustomTasks" name="test_create_quote_without_status_400" time="0.128" /><testcase classname="tests.test_x_rewards.TestAdminUsers" name="test_create_manual_user" time="0.123" /><testcase classname="tests.test_x_rewards.TestAdminUsers" name="test_duplicate_username_conflict" time="0.159" /><testcase classname="tests.test_x_rewards.TestCustomTasks" name="test_update_task" time="0.164" /><testcase classname="tests.test_x_rewards.TestAdminUsers" name="test_invalid_evm" time="0.141" /><testcase classname="tests.test_x_rewards.TestCustomTasks" name="test_update_unknown_404" time="0.129" /><testcase classname="tests.test_x_rewards.TestCustomTasks" name="test_public_config_reflects_task" time="0.121" /><testcase classname="tests.test_x_rewards.TestAdminUsers" name="test_patch_task_awards_points" time="0.324" /><testcase classname="tests.test_x_rewards.TestCustomTasks" name="test_leaderboard_total_tasks" time="0.312" /><testcase classname="tests.test_x_rewards.TestAdminUsers" name="test_patch_points_exact" time="0.154" /><testcase classname="tests.test_x_rewards.TestSettings" name="test_settings_requires_admin" time="0.128" /><testcase classname="tests.test_x_rewards.TestAdminUsers" name="test_patch_unset_evm" time="0.158" /><testcase classname="tests.test_x_rewards.TestSettings" name="test_get_settings_ok" time="0.134" /><testcase classname="tests.test_x_rewards.TestAdminUsers" name="test_delete_user" time="0.287" /><testcase classname="tests.test_x_rewards.TestSettings" name="test_put_settings_saves" time="0.155" /><testcase classname="tests.test_x_rewards.TestSettings" name="test_put_settings_bad_username" time="0.118" /><testcase classname="tests.test_x_rewards.TestZCleanup" name="test_cleanup_custom_task" time="0.000" /><testcase classname="tests.test_x_rewards.TestZCleanup" name="test_cleanup_dev_user" time="0.143" /><testcase classname="tests.test_x_rewards.TestSettings" name="test_put_settings_bad_tweet_url" time="0.180" /><testcase classname="tests.test_x_rewards.TestMockXFlow" name="test_dev_login_and_verify" time="0.723" /></testsuite></testsuites>